<?xml version="1.0" encoding="UTF-8"?>
<!-- Generated by org.testng.reporters.JUnitReportReporter -->
<testsuite hostname="Yogesh95" failures="0" tests="3" name="tests.TestClass1" time="0.008" errors="0" timestamp="2022-02-13T02:33:26 IST" skipped="0">
  <testcase classname="tests.TestClass1" name="testC" time="0.003"/>
  <system-out/>
  <testcase classname="tests.TestClass1" name="testA" time="0.003"/>
  <system-out/>
  <testcase classname="tests.TestClass1" name="testB" time="0.002"/>
  <system-out/>
</testsuite> <!-- tests.TestClass1 -->
