<?xml version="1.0" encoding="UTF-8"?>
<!-- Generated by org.testng.reporters.JUnitReportReporter -->
<testsuite hostname="Yogesh95" failures="0" tests="3" name="tests.TestClass2" time="0.009" errors="0" timestamp="2022-02-15T00:04:28 IST" skipped="0">
  <testcase classname="tests.TestClass2" name="testE" time="0.006"/>
  <system-out/>
  <testcase classname="tests.TestClass2" name="testF" time="0.001"/>
  <system-out/>
  <testcase classname="tests.TestClass2" name="testH" time="0.002"/>
  <system-out/>
</testsuite> <!-- tests.TestClass2 -->
