<?xml version="1.0" encoding="UTF-8"?>
<!-- Generated by org.testng.reporters.JUnitReportReporter -->
<testsuite hostname="Yogesh95" failures="0" tests="4" name="tests.VerifyHeadersOfApplication" time="5.766" errors="0" timestamp="2022-02-16T01:59:57 IST" skipped="0">
  <testcase classname="tests.VerifyHeadersOfApplication" name="toVerifyTaskButton" time="1.520"/>
  <system-out/>
  <testcase classname="tests.VerifyHeadersOfApplication" name="verifyUserTab" time="1.364"/>
  <system-out/>
  <testcase classname="tests.VerifyHeadersOfApplication" name="verifyUserTab" time="1.545"/>
  <system-out/>
  <testcase classname="tests.VerifyHeadersOfApplication" name="toVerifyTaskButton" time="1.337"/>
  <system-out/>
</testsuite> <!-- tests.VerifyHeadersOfApplication -->
